# JRE version: OpenJDK Runtime Environment (11.0.12+7) (build 11.0.12+7-b1504.28-7817840)
# Java VM: OpenJDK 64-Bit Server VM (11.0.12+7-b1504.28-7817840, mixed mode, tiered, compressed oops, g1 gc, windows-amd64)
Heap:
 garbage-first heap   total 377856K, used 288394K [0x00000000a0000000, 0x0000000100000000)
  region size 1024K, 115 young (117760K), 3 survivors (3072K)
 Metaspace       used 153454K, capacity 159097K, committed 159360K, reserved 1187840K
  class space    used 19058K, capacity 21070K, committed 21120K, reserved 1048576K
GC Heap History (20 events):
Event: 5170.558 GC heap before
{Heap before GC invocations=206 (full 0):
 garbage-first heap   total 377856K, used 200290K [0x00000000a0000000, 0x0000000100000000)
  region size 1024K, 18 young (18432K), 3 survivors (3072K)
 Metaspace       used 151281K, capacity 155965K, committed 156288K, reserved 1185792K
  class space    used 18757K, capacity 20485K, committed 20608K, reserved 1048576K
}
Event: 5170.572 GC heap after
{Heap after GC invocations=207 (full 0):
 garbage-first heap   total 377856K, used 175190K [0x00000000a0000000, 0x0000000100000000)
  region size 1024K, 3 young (3072K), 3 survivors (3072K)
 Metaspace       used 151281K, capacity 155965K, committed 156288K, reserved 1185792K
  class space    used 18757K, capacity 20485K, committed 20608K, reserved 1048576K
}
Event: 5173.026 GC heap before
{Heap before GC invocations=207 (full 0):
 garbage-first heap   total 377856K, used 232534K [0x00000000a0000000, 0x0000000100000000)
  region size 1024K, 60 young (61440K), 3 survivors (3072K)
 Metaspace       used 151457K, capacity 156291K, committed 156544K, reserved 1185792K
  class space    used 18768K, capacity 20507K, committed 20608K, reserved 1048576K
}
Event: 5173.082 GC heap after
{Heap after GC invocations=208 (full 0):
 garbage-first heap   total 377856K, used 182352K [0x00000000a0000000, 0x0000000100000000)
  region size 1024K, 8 young (8192K), 8 survivors (8192K)
 Metaspace       used 151457K, capacity 156291K, committed 156544K, reserved 1185792K
  class space    used 18768K, capacity 20507K, committed 20608K, reserved 1048576K
}
Event: 5178.708 GC heap before
{Heap before GC invocations=209 (full 0):
 garbage-first heap   total 377856K, used 253008K [0x00000000a0000000, 0x0000000100000000)
  region size 1024K, 78 young (79872K), 8 survivors (8192K)
 Metaspace       used 151561K, capacity 156377K, committed 156544K, reserved 1185792K
  class space    used 18770K, capacity 20510K, committed 20608K, reserved 1048576K
}
Event: 5178.779 GC heap after
{Heap after GC invocations=210 (full 0):
 garbage-first heap   total 377856K, used 186427K [0x00000000a0000000, 0x0000000100000000)
  region size 1024K, 5 young (5120K), 5 survivors (5120K)
 Metaspace       used 151561K, capacity 156377K, committed 156544K, reserved 1185792K
  class space    used 18770K, capacity 20510K, committed 20608K, reserved 1048576K
}
Event: 5206.270 GC heap before
{Heap before GC invocations=210 (full 0):
 garbage-first heap   total 377856K, used 265275K [0x00000000a0000000, 0x0000000100000000)
  region size 1024K, 18 young (18432K), 5 survivors (5120K)
 Metaspace       used 151572K, capacity 156442K, committed 156544K, reserved 1185792K
  class space    used 18770K, capacity 20510K, committed 20608K, reserved 1048576K
}
Event: 5206.277 GC heap after
{Heap after GC invocations=211 (full 0):
 garbage-first heap   total 377856K, used 170965K [0x00000000a0000000, 0x0000000100000000)
  region size 1024K, 1 young (1024K), 1 survivors (1024K)
 Metaspace       used 151572K, capacity 156442K, committed 156544K, reserved 1185792K
  class space    used 18770K, capacity 20510K, committed 20608K, reserved 1048576K
}
Event: 5206.675 GC heap before
{Heap before GC invocations=211 (full 0):
 garbage-first heap   total 377856K, used 251861K [0x00000000a0000000, 0x0000000100000000)
  region size 1024K, 81 young (82944K), 1 survivors (1024K)
 Metaspace       used 151644K, capacity 156449K, committed 156800K, reserved 1185792K
  class space    used 18771K, capacity 20511K, committed 20608K, reserved 1048576K
}
Event: 5206.694 GC heap after
{Heap after GC invocations=212 (full 0):
 garbage-first heap   total 377856K, used 178827K [0x00000000a0000000, 0x0000000100000000)
  region size 1024K, 9 young (9216K), 9 survivors (9216K)
 Metaspace       used 151644K, capacity 156449K, committed 156800K, reserved 1185792K
  class space    used 18771K, capacity 20511K, committed 20608K, reserved 1048576K
}
Event: 5723.474 GC heap before
{Heap before GC invocations=213 (full 0):
 garbage-first heap   total 377856K, used 259723K [0x00000000a0000000, 0x0000000100000000)
  region size 1024K, 89 young (91136K), 9 survivors (9216K)
 Metaspace       used 151903K, capacity 156820K, committed 157056K, reserved 1185792K
  class space    used 18817K, capacity 20595K, committed 20608K, reserved 1048576K
}
Event: 5723.491 GC heap after
{Heap after GC invocations=214 (full 0):
 garbage-first heap   total 377856K, used 178759K [0x00000000a0000000, 0x0000000100000000)
  region size 1024K, 8 young (8192K), 8 survivors (8192K)
 Metaspace       used 151903K, capacity 156820K, committed 157056K, reserved 1185792K
  class space    used 18817K, capacity 20595K, committed 20608K, reserved 1048576K
}
Event: 5723.531 GC heap before
{Heap before GC invocations=214 (full 0):
 garbage-first heap   total 377856K, used 187975K [0x00000000a0000000, 0x0000000100000000)
  region size 1024K, 18 young (18432K), 8 survivors (8192K)
 Metaspace       used 151903K, capacity 156820K, committed 157056K, reserved 1185792K
  class space    used 18817K, capacity 20595K, committed 20608K, reserved 1048576K
}
Event: 5723.561 GC heap after
{Heap after GC invocations=215 (full 0):
 garbage-first heap   total 377856K, used 178184K [0x00000000a0000000, 0x0000000100000000)
  region size 1024K, 2 young (2048K), 2 survivors (2048K)
 Metaspace       used 151903K, capacity 156820K, committed 157056K, reserved 1185792K
  class space    used 18817K, capacity 20595K, committed 20608K, reserved 1048576K
}
Event: 6126.079 GC heap before
{Heap before GC invocations=215 (full 0):
 garbage-first heap   total 377856K, used 274440K [0x00000000a0000000, 0x0000000100000000)
  region size 1024K, 97 young (99328K), 2 survivors (2048K)
 Metaspace       used 152039K, capacity 156909K, committed 157184K, reserved 1185792K
  class space    used 18827K, capacity 20613K, committed 20736K, reserved 1048576K
}
Event: 6126.132 GC heap after
{Heap after GC invocations=216 (full 0):
 garbage-first heap   total 377856K, used 186361K [0x00000000a0000000, 0x0000000100000000)
  region size 1024K, 10 young (10240K), 10 survivors (10240K)
 Metaspace       used 152039K, capacity 156909K, committed 157184K, reserved 1185792K
  class space    used 18827K, capacity 20613K, committed 20736K, reserved 1048576K
}
Event: 6353.900 GC heap before
{Heap before GC invocations=217 (full 0):
 garbage-first heap   total 377856K, used 310265K [0x00000000a0000000, 0x0000000100000000)
  region size 1024K, 112 young (114688K), 10 survivors (10240K)
 Metaspace       used 153230K, capacity 158739K, committed 158848K, reserved 1187840K
  class space    used 19039K, capacity 21034K, committed 21120K, reserved 1048576K
}
Event: 6353.957 GC heap after
{Heap after GC invocations=218 (full 0):
 garbage-first heap   total 377856K, used 183205K [0x00000000a0000000, 0x0000000100000000)
  region size 1024K, 5 young (5120K), 5 survivors (5120K)
 Metaspace       used 153230K, capacity 158739K, committed 158848K, reserved 1187840K
  class space    used 19039K, capacity 21034K, committed 21120K, reserved 1048576K
}
Event: 6354.187 GC heap before
{Heap before GC invocations=218 (full 0):
 garbage-first heap   total 377856K, used 196517K [0x00000000a0000000, 0x0000000100000000)
  region size 1024K, 18 young (18432K), 5 survivors (5120K)
 Metaspace       used 153326K, capacity 158888K, committed 159104K, reserved 1187840K
  class space    used 19047K, capacity 21050K, committed 21120K, reserved 1048576K
}
Event: 6354.202 GC heap after
{Heap after GC invocations=219 (full 0):
 garbage-first heap   total 377856K, used 175754K [0x00000000a0000000, 0x0000000100000000)
  region size 1024K, 3 young (3072K), 3 survivors (3072K)
 Metaspace       used 153326K, capacity 158888K, committed 159104K, reserved 1187840K
  class space    used 19047K, capacity 21050K, committed 21120K, reserved 1048576K
}

